  Settings.cpp
  GUI.cpp
  imgui.cpp
  imgui_demo.cpp
  imgui_draw.cpp
  imgui_tables.cpp
  imgui_widgets.cpp
  KeyboardController.cpp
  MouseController.cpp
  Collider.cpp
  Entity2D.cpp
  Entity3D.cpp
  LevelOfDetails.cpp
  ShaderManager.cpp
  TextRenderer.cpp
  ScriptManager.cpp
  CSVReader.cpp
  CSVWriter.cpp
  ImageLoader.cpp
  LoadOBJ.cpp
  Generating Code...
  Compiling...
  FPSCounter.cpp
  StopWatch.cpp
  Generating Code...
  Library.vcxproj -> C:\Users\tanyo\Y2S1_2DGAME_A01\NYP_Framework_Week01\Debug\Library.lib
