c:\users\tanyo\y2s1_2dgame_a01\nyp_framework_week08_solution\app\debug\vc142.pdb
c:\users\tanyo\y2s1_2dgame_a01\nyp_framework_week08_solution\app\debug\vc142.idb
c:\users\tanyo\y2s1_2dgame_a01\nyp_framework_week08_solution\app\debug\soundinfo.obj
c:\users\tanyo\y2s1_2dgame_a01\nyp_framework_week08_solution\app\debug\soundcontroller.obj
c:\users\tanyo\y2s1_2dgame_a01\nyp_framework_week08_solution\app\debug\scene2d.obj
c:\users\tanyo\y2s1_2dgame_a01\nyp_framework_week08_solution\app\debug\player2d.obj
c:\users\tanyo\y2s1_2dgame_a01\nyp_framework_week08_solution\app\debug\physics2d.obj
c:\users\tanyo\y2s1_2dgame_a01\nyp_framework_week08_solution\app\debug\map2d.obj
c:\users\tanyo\y2s1_2dgame_a01\nyp_framework_week08_solution\app\debug\inventorymanager.obj
c:\users\tanyo\y2s1_2dgame_a01\nyp_framework_week08_solution\app\debug\inventoryitem.obj
c:\users\tanyo\y2s1_2dgame_a01\nyp_framework_week08_solution\app\debug\gui_scene2d.obj
c:\users\tanyo\y2s1_2dgame_a01\nyp_framework_week08_solution\app\debug\gamemanager.obj
c:\users\tanyo\y2s1_2dgame_a01\nyp_framework_week08_solution\app\debug\main.obj
c:\users\tanyo\y2s1_2dgame_a01\nyp_framework_week08_solution\app\debug\application.obj
c:\users\tanyo\y2s1_2dgame_a01\nyp_framework_week08_solution\app\debug\enemy2d.obj
c:\users\tanyo\y2s1_2dgame_a01\nyp_framework_week08_solution\app\debug\itemspawner.obj
c:\users\tanyo\y2s1_2dgame_a01\nyp_framework_week08_solution\debug\app.exe
c:\users\tanyo\y2s1_2dgame_a01\nyp_framework_week08_solution\debug\app.ilk
c:\users\tanyo\y2s1_2dgame_a01\nyp_framework_week08_solution\debug\app.pdb
c:\users\tanyo\y2s1_2dgame_a01\nyp_framework_week08_solution\app\debug\map2d.new.obj.enc
c:\users\tanyo\y2s1_2dgame_a01\nyp_framework_week08_solution\app\debug\player2d.new.obj.enc
c:\users\tanyo\y2s1_2dgame_a01\nyp_framework_week08_solution\app\debug\app.tlog\cl.command.1.tlog
c:\users\tanyo\y2s1_2dgame_a01\nyp_framework_week08_solution\app\debug\app.tlog\cl.read.1.tlog
c:\users\tanyo\y2s1_2dgame_a01\nyp_framework_week08_solution\app\debug\app.tlog\cl.write.1.tlog
c:\users\tanyo\y2s1_2dgame_a01\nyp_framework_week08_solution\app\debug\app.tlog\link.command.1.tlog
c:\users\tanyo\y2s1_2dgame_a01\nyp_framework_week08_solution\app\debug\app.tlog\link.read.1.tlog
c:\users\tanyo\y2s1_2dgame_a01\nyp_framework_week08_solution\app\debug\app.tlog\link.write.1.tlog
