  Application.cpp
  Physics2D.cpp
  Player2D.cpp
C:\Users\tanyo\Y2S1_2DGAME_A01\NYP_Framework_Week08_SOLUTION\App\Source\Scene2D\Player2D.cpp(525,22): warning C4018: '>=': signed/unsigned mismatch
C:\Users\tanyo\Y2S1_2DGAME_A01\NYP_Framework_Week08_SOLUTION\App\Source\Scene2D\Player2D.cpp(545,22): warning C4018: '>=': signed/unsigned mismatch
C:\Users\tanyo\Y2S1_2DGAME_A01\NYP_Framework_Week08_SOLUTION\App\Source\Scene2D\Player2D.cpp(644,70): warning C4244: 'argument': conversion from 'T' to 'const unsigned int', possible loss of data
          with
          [
              T=float
          ]
C:\Users\tanyo\Y2S1_2DGAME_A01\NYP_Framework_Week08_SOLUTION\App\Source\Scene2D\Player2D.cpp(644,38): warning C4244: 'argument': conversion from 'T' to 'const unsigned int', possible loss of data
          with
          [
              T=float
          ]
C:\Users\tanyo\Y2S1_2DGAME_A01\NYP_Framework_Week08_SOLUTION\App\Source\Scene2D\Player2D.cpp(677,80): warning C4244: '*=': conversion from 'T' to 'int', possible loss of data
          with
          [
              T=float
          ]
C:\Users\tanyo\Y2S1_2DGAME_A01\NYP_Framework_Week08_SOLUTION\App\Source\Scene2D\Player2D.cpp(755,80): warning C4244: '*=': conversion from 'T' to 'int', possible loss of data
          with
          [
              T=float
          ]
  Scene2D.cpp
  main.cpp
  Generating Code...
  App.vcxproj -> C:\Users\tanyo\Y2S1_2DGAME_A01\NYP_Framework_Week08_SOLUTION\Debug\App.exe
